epoch 0 [81.0 s + 11.5 s] | train auc: 0.8647  acc: 0.7849  f1: 0.7866 | eval auc: 0.8547  eval acc: 0.7765  eval f1: 0.7787 | test auc: 0.8552  test acc: 0.7767  test f1: 0.7787
topk eval [8.0 s] | precision: 0.1400 0.1200 0.1032 0.0932 0.0788 0.0626 0.0488 | recall: 0.0113 0.0173 0.0332 0.0559 0.0966 0.1919 0.3022 | ndcg: 0.1400 0.1245 0.1122 0.1071 0.1099 0.1413 0.1819
epoch 1 [82.8 s + 11.9 s] | train auc: 0.8685  acc: 0.7893  f1: 0.7988 | eval auc: 0.8573  eval acc: 0.7796  eval f1: 0.7899 | test auc: 0.8591  test acc: 0.7806  test f1: 0.7906
topk eval [8.0 s] | precision: 0.1120 0.1140 0.1032 0.0944 0.0836 0.0646 0.0498 | recall: 0.0065 0.0162 0.0326 0.0594 0.1050 0.1929 0.3212 | ndcg: 0.1120 0.1135 0.1068 0.1048 0.1118 0.1399 0.1834
epoch 2 [83.8 s + 11.4 s] | train auc: 0.8767  acc: 0.7983  f1: 0.7990 | eval auc: 0.8647  eval acc: 0.7868  eval f1: 0.7881 | test auc: 0.8654  test acc: 0.7873  test f1: 0.7883
topk eval [7.6 s] | precision: 0.1040 0.0980 0.0856 0.0808 0.0800 0.0676 0.0518 | recall: 0.0066 0.0126 0.0255 0.0492 0.1021 0.2170 0.3257 | ndcg: 0.1040 0.0994 0.0915 0.0904 0.1027 0.1425 0.1835
epoch 3 [82.8 s + 11.2 s] | train auc: 0.8824  acc: 0.8043  f1: 0.8085 | eval auc: 0.8686  eval acc: 0.7923  eval f1: 0.7970 | test auc: 0.8704  test acc: 0.7928  test f1: 0.7973
topk eval [7.6 s] | precision: 0.1280 0.1040 0.1000 0.0920 0.0828 0.0650 0.0515 | recall: 0.0109 0.0158 0.0337 0.0560 0.1049 0.2002 0.3167 | ndcg: 0.1280 0.1110 0.1066 0.1034 0.1115 0.1432 0.1862
epoch 4 [82.4 s + 11.1 s] | train auc: 0.8834  acc: 0.8053  f1: 0.8112 | eval auc: 0.8696  eval acc: 0.7941  eval f1: 0.8006 | test auc: 0.8712  test acc: 0.7941  test f1: 0.8007
topk eval [7.6 s] | precision: 0.1160 0.1060 0.0952 0.0852 0.0774 0.0667 0.0526 | recall: 0.0091 0.0169 0.0337 0.0581 0.0994 0.2066 0.3318 | ndcg: 0.1160 0.1083 0.1004 0.0983 0.1060 0.1446 0.1890
epoch 5 [82.2 s + 11.2 s] | train auc: 0.8807  acc: 0.8032  f1: 0.8092 | eval auc: 0.8671  eval acc: 0.7906  eval f1: 0.7973 | test auc: 0.8687  test acc: 0.7920  test f1: 0.7985
topk eval [7.6 s] | precision: 0.0880 0.0780 0.0888 0.0860 0.0808 0.0662 0.0530 | recall: 0.0047 0.0102 0.0272 0.0509 0.1009 0.1996 0.3196 | ndcg: 0.0880 0.0803 0.0876 0.0897 0.1015 0.1354 0.1799
epoch 6 [81.9 s + 11.2 s] | train auc: 0.8788  acc: 0.8010  f1: 0.8084 | eval auc: 0.8655  eval acc: 0.7895  eval f1: 0.7977 | test auc: 0.8667  test acc: 0.7906  test f1: 0.7985
topk eval [7.6 s] | precision: 0.0760 0.0580 0.0816 0.0800 0.0728 0.0640 0.0504 | recall: 0.0049 0.0090 0.0267 0.0501 0.0879 0.2075 0.3209 | ndcg: 0.0760 0.0621 0.0795 0.0838 0.0914 0.1324 0.1741
epoch 7 [81.8 s + 11.1 s] | train auc: 0.8813  acc: 0.8028  f1: 0.8069 | eval auc: 0.8682  eval acc: 0.7913  eval f1: 0.7959 | test auc: 0.8697  test acc: 0.7922  test f1: 0.7966
topk eval [7.5 s] | precision: 0.1000 0.1100 0.0928 0.0908 0.0864 0.0629 0.0505 | recall: 0.0063 0.0156 0.0316 0.0565 0.1053 0.1871 0.3060 | ndcg: 0.1000 0.1077 0.0979 0.1007 0.1117 0.1360 0.1793
epoch 8 [81.8 s + 11.0 s] | train auc: 0.8774  acc: 0.7998  f1: 0.8036 | eval auc: 0.8651  eval acc: 0.7890  eval f1: 0.7931 | test auc: 0.8660  test acc: 0.7896  test f1: 0.7937
topk eval [7.4 s] | precision: 0.1040 0.1020 0.0984 0.0896 0.0794 0.0612 0.0483 | recall: 0.0047 0.0112 0.0325 0.0561 0.0935 0.1801 0.2991 | ndcg: 0.1040 0.1025 0.1015 0.0991 0.1027 0.1297 0.1721
epoch 9 [80.9 s + 10.9 s] | train auc: 0.8778  acc: 0.7994  f1: 0.8012 | eval auc: 0.8659  eval acc: 0.7881  eval f1: 0.7905 | test auc: 0.8660  test acc: 0.7882  test f1: 0.7903
topk eval [7.4 s] | precision: 0.0920 0.1020 0.0872 0.0928 0.0832 0.0652 0.0516 | recall: 0.0077 0.0126 0.0267 0.0550 0.0984 0.2044 0.3161 | ndcg: 0.0920 0.0997 0.0917 0.0982 0.1057 0.1398 0.1825
epoch 10 [81.1 s + 11.0 s] | train auc: 0.8765  acc: 0.7972  f1: 0.7999 | eval auc: 0.8637  eval acc: 0.7852  eval f1: 0.7884 | test auc: 0.8643  test acc: 0.7860  test f1: 0.7891
topk eval [7.4 s] | precision: 0.0840 0.0840 0.0784 0.0820 0.0722 0.0630 0.0500 | recall: 0.0043 0.0108 0.0214 0.0453 0.0871 0.1884 0.3140 | ndcg: 0.0840 0.0840 0.0800 0.0843 0.0911 0.1274 0.1718
epoch 11 [82.1 s + 11.0 s] | train auc: 0.8757  acc: 0.7971  f1: 0.8008 | eval auc: 0.8637  eval acc: 0.7869  eval f1: 0.7911 | test auc: 0.8645  test acc: 0.7869  test f1: 0.7908
topk eval [7.5 s] | precision: 0.0720 0.0820 0.0840 0.0900 0.0852 0.0642 0.0504 | recall: 0.0060 0.0135 0.0291 0.0587 0.1084 0.2007 0.3112 | ndcg: 0.0720 0.0797 0.0851 0.0952 0.1073 0.1369 0.1783
epoch 12 [81.3 s + 11.1 s] | train auc: 0.8757  acc: 0.7975  f1: 0.8035 | eval auc: 0.8643  eval acc: 0.7859  eval f1: 0.7924 | test auc: 0.8644  test acc: 0.7871  test f1: 0.7935
topk eval [7.5 s] | precision: 0.0720 0.1060 0.1008 0.0932 0.0890 0.0633 0.0502 | recall: 0.0043 0.0201 0.0377 0.0657 0.1179 0.2002 0.3102 | ndcg: 0.0720 0.0993 0.1011 0.1022 0.1160 0.1417 0.1831
