epoch 0 [104.0 s + 40.7 s] | train auc: 0.8823  acc: 0.7976  f1: 0.8038 | eval auc: 0.8761  eval acc: 0.7946  eval f1: 0.8009 | test auc: 0.8750  test acc: 0.7936  test f1: 0.7999
topk eval [31.5 s] | precision: 0.0960 0.1040 0.1168 0.1016 0.0866 0.0662 0.0514 | recall: 0.0069 0.0158 0.0461 0.0733 0.1195 0.2342 0.3491 | ndcg: 0.0960 0.1022 0.1160 0.1147 0.1218 0.1563 0.1962
epoch 1 [104.4 s + 40.7 s] | train auc: 0.9034  acc: 0.8218  f1: 0.8267 | eval auc: 0.8928  eval acc: 0.8133  eval f1: 0.8185 | test auc: 0.8919  test acc: 0.8130  test f1: 0.8184
topk eval [31.5 s] | precision: 0.1320 0.1300 0.1104 0.0964 0.0908 0.0702 0.0541 | recall: 0.0110 0.0199 0.0405 0.0704 0.1303 0.2450 0.3556 | ndcg: 0.1320 0.1305 0.1180 0.1149 0.1296 0.1658 0.2054
epoch 2 [104.9 s + 40.4 s] | train auc: 0.9063  acc: 0.8248  f1: 0.8290 | eval auc: 0.8945  eval acc: 0.8151  eval f1: 0.8197 | test auc: 0.8940  test acc: 0.8142  test f1: 0.8189
topk eval [31.5 s] | precision: 0.1000 0.1060 0.1184 0.1032 0.0886 0.0703 0.0552 | recall: 0.0062 0.0136 0.0390 0.0729 0.1244 0.2441 0.3602 | ndcg: 0.1000 0.1046 0.1158 0.1153 0.1223 0.1602 0.2020
epoch 3 [104.3 s + 40.4 s] | train auc: 0.9076  acc: 0.8261  f1: 0.8308 | eval auc: 0.8955  eval acc: 0.8152  eval f1: 0.8202 | test auc: 0.8948  test acc: 0.8163  test f1: 0.8212
topk eval [31.6 s] | precision: 0.1400 0.1180 0.1096 0.1072 0.0936 0.0709 0.0570 | recall: 0.0075 0.0166 0.0400 0.0778 0.1310 0.2446 0.3806 | ndcg: 0.1400 0.1230 0.1170 0.1227 0.1311 0.1655 0.2123
epoch 4 [104.1 s + 39.8 s] | train auc: 0.9088  acc: 0.8274  f1: 0.8329 | eval auc: 0.8958  eval acc: 0.8165  eval f1: 0.8225 | test auc: 0.8948  test acc: 0.8165  test f1: 0.8225
topk eval [31.7 s] | precision: 0.1640 0.1460 0.1256 0.1072 0.0906 0.0714 0.0550 | recall: 0.0161 0.0232 0.0457 0.0777 0.1255 0.2461 0.3683 | ndcg: 0.1640 0.1501 0.1359 0.1305 0.1361 0.1742 0.2165
epoch 5 [104.4 s + 40.4 s] | train auc: 0.9158  acc: 0.8354  f1: 0.8395 | eval auc: 0.9002  eval acc: 0.8205  eval f1: 0.8251 | test auc: 0.8990  test acc: 0.8206  test f1: 0.8250
topk eval [31.7 s] | precision: 0.1480 0.1460 0.1248 0.1092 0.0914 0.0720 0.0576 | recall: 0.0096 0.0234 0.0452 0.0782 0.1300 0.2436 0.3833 | ndcg: 0.1480 0.1465 0.1329 0.1287 0.1352 0.1715 0.2196
epoch 6 [104.1 s + 40.6 s] | train auc: 0.9266  acc: 0.8482  f1: 0.8528 | eval auc: 0.9074  eval acc: 0.8294  eval f1: 0.8346 | test auc: 0.9065  test acc: 0.8291  test f1: 0.8344
topk eval [31.5 s] | precision: 0.1200 0.1180 0.1216 0.1092 0.0960 0.0782 0.0616 | recall: 0.0099 0.0187 0.0466 0.0812 0.1423 0.2723 0.4037 | ndcg: 0.1200 0.1185 0.1239 0.1251 0.1377 0.1817 0.2290
epoch 7 [104.8 s + 40.7 s] | train auc: 0.9331  acc: 0.8570  f1: 0.8606 | eval auc: 0.9116  eval acc: 0.8347  eval f1: 0.8390 | test auc: 0.9106  test acc: 0.8338  test f1: 0.8382
topk eval [31.6 s] | precision: 0.1440 0.1480 0.1328 0.1148 0.1028 0.0802 0.0616 | recall: 0.0118 0.0236 0.0470 0.0820 0.1460 0.2751 0.4059 | ndcg: 0.1440 0.1471 0.1374 0.1349 0.1490 0.1906 0.2361
epoch 8 [105.1 s + 40.6 s] | train auc: 0.9367  acc: 0.8618  f1: 0.8654 | eval auc: 0.9138  eval acc: 0.8376  eval f1: 0.8418 | test auc: 0.9128  test acc: 0.8367  test f1: 0.8413
topk eval [31.6 s] | precision: 0.1480 0.1420 0.1360 0.1220 0.1036 0.0764 0.0614 | recall: 0.0139 0.0250 0.0552 0.0920 0.1583 0.2599 0.4034 | ndcg: 0.1480 0.1434 0.1433 0.1437 0.1557 0.1881 0.2386
epoch 9 [105.3 s + 41.0 s] | train auc: 0.9395  acc: 0.8655  f1: 0.8690 | eval auc: 0.9154  eval acc: 0.8390  eval f1: 0.8434 | test auc: 0.9145  test acc: 0.8387  test f1: 0.8432
topk eval [32.2 s] | precision: 0.1680 0.1620 0.1416 0.1228 0.1046 0.0828 0.0636 | recall: 0.0134 0.0231 0.0539 0.0918 0.1528 0.2814 0.4025 | ndcg: 0.1680 0.1634 0.1504 0.1464 0.1556 0.1975 0.2413
epoch 10 [105.3 s + 40.5 s] | train auc: 0.9415  acc: 0.8680  f1: 0.8712 | eval auc: 0.9157  eval acc: 0.8401  eval f1: 0.8442 | test auc: 0.9150  test acc: 0.8396  test f1: 0.8438
topk eval [32.0 s] | precision: 0.1880 0.1580 0.1312 0.1188 0.1010 0.0787 0.0633 | recall: 0.0168 0.0268 0.0511 0.0911 0.1508 0.2772 0.4166 | ndcg: 0.1880 0.1648 0.1444 0.1451 0.1544 0.1960 0.2459
epoch 11 [106.1 s + 40.5 s] | train auc: 0.9438  acc: 0.8710  f1: 0.8738 | eval auc: 0.9167  eval acc: 0.8410  eval f1: 0.8447 | test auc: 0.9160  test acc: 0.8406  test f1: 0.8445
topk eval [31.5 s] | precision: 0.1440 0.1280 0.1296 0.1136 0.1020 0.0799 0.0633 | recall: 0.0109 0.0187 0.0534 0.0863 0.1543 0.2816 0.4224 | ndcg: 0.1440 0.1316 0.1344 0.1330 0.1487 0.1912 0.2408
epoch 12 [105.4 s + 41.4 s] | train auc: 0.9461  acc: 0.8740  f1: 0.8772 | eval auc: 0.9169  eval acc: 0.8417  eval f1: 0.8456 | test auc: 0.9160  test acc: 0.8410  test f1: 0.8454
topk eval [32.4 s] | precision: 0.1640 0.1440 0.1216 0.1156 0.0976 0.0778 0.0624 | recall: 0.0123 0.0187 0.0456 0.0901 0.1393 0.2704 0.4068 | ndcg: 0.1640 0.1485 0.1317 0.1361 0.1439 0.1864 0.2357
epoch 13 [105.8 s + 40.5 s] | train auc: 0.9474  acc: 0.8757  f1: 0.8784 | eval auc: 0.9167  eval acc: 0.8408  eval f1: 0.8446 | test auc: 0.9162  test acc: 0.8406  test f1: 0.8446
topk eval [32.3 s] | precision: 0.1400 0.1180 0.1080 0.1104 0.0978 0.0808 0.0640 | recall: 0.0120 0.0196 0.0392 0.0797 0.1419 0.2770 0.4203 | ndcg: 0.1400 0.1230 0.1155 0.1241 0.1387 0.1859 0.2365
epoch 14 [106.0 s + 40.8 s] | train auc: 0.9493  acc: 0.8785  f1: 0.8819 | eval auc: 0.9170  eval acc: 0.8424  eval f1: 0.8470 | test auc: 0.9161  test acc: 0.8411  test f1: 0.8460
topk eval [31.9 s] | precision: 0.0960 0.1100 0.1184 0.1148 0.0998 0.0785 0.0634 | recall: 0.0074 0.0153 0.0405 0.0743 0.1368 0.2579 0.4101 | ndcg: 0.0960 0.1068 0.1151 0.1224 0.1347 0.1739 0.2268
epoch 15 [105.0 s + 41.0 s] | train auc: 0.9501  acc: 0.8796  f1: 0.8818 | eval auc: 0.9173  eval acc: 0.8427  eval f1: 0.8457 | test auc: 0.9162  test acc: 0.8414  test f1: 0.8448
topk eval [32.4 s] | precision: 0.1120 0.1180 0.1128 0.1112 0.0992 0.0780 0.0640 | recall: 0.0076 0.0158 0.0372 0.0775 0.1361 0.2662 0.4156 | ndcg: 0.1120 0.1166 0.1131 0.1207 0.1333 0.1752 0.2282
epoch 16 [106.2 s + 41.5 s] | train auc: 0.9514  acc: 0.8813  f1: 0.8842 | eval auc: 0.9168  eval acc: 0.8424  eval f1: 0.8466 | test auc: 0.9162  test acc: 0.8424  test f1: 0.8467
topk eval [32.2 s] | precision: 0.1320 0.1160 0.1112 0.1092 0.0998 0.0792 0.0639 | recall: 0.0097 0.0175 0.0369 0.0788 0.1401 0.2592 0.4074 | ndcg: 0.1320 0.1196 0.1155 0.1230 0.1372 0.1767 0.2299
epoch 17 [106.5 s + 41.5 s] | train auc: 0.9531  acc: 0.8838  f1: 0.8869 | eval auc: 0.9157  eval acc: 0.8417  eval f1: 0.8461 | test auc: 0.9153  test acc: 0.8415  test f1: 0.8462
topk eval [32.4 s] | precision: 0.0920 0.1120 0.1008 0.0996 0.0942 0.0767 0.0620 | recall: 0.0096 0.0162 0.0396 0.0738 0.1320 0.2611 0.4007 | ndcg: 0.0920 0.1075 0.1034 0.1111 0.1282 0.1731 0.2238
epoch 18 [106.0 s + 40.4 s] | train auc: 0.9535  acc: 0.8843  f1: 0.8870 | eval auc: 0.9167  eval acc: 0.8426  eval f1: 0.8464 | test auc: 0.9163  test acc: 0.8426  test f1: 0.8467
topk eval [31.8 s] | precision: 0.1280 0.1060 0.1200 0.1076 0.0954 0.0774 0.0631 | recall: 0.0109 0.0163 0.0442 0.0770 0.1341 0.2571 0.3989 | ndcg: 0.1280 0.1110 0.1197 0.1200 0.1331 0.1760 0.2279
epoch 19 [105.2 s + 40.4 s] | train auc: 0.9538  acc: 0.8850  f1: 0.8877 | eval auc: 0.9170  eval acc: 0.8430  eval f1: 0.8470 | test auc: 0.9158  test acc: 0.8420  test f1: 0.8463
topk eval [32.6 s] | precision: 0.1640 0.1160 0.1112 0.1008 0.0908 0.0757 0.0612 | recall: 0.0122 0.0172 0.0429 0.0754 0.1251 0.2523 0.3891 | ndcg: 0.1640 0.1269 0.1204 0.1198 0.1294 0.1726 0.2221
epoch 20 [108.8 s + 41.4 s] | train auc: 0.9556  acc: 0.8869  f1: 0.8895 | eval auc: 0.9158  eval acc: 0.8414  eval f1: 0.8454 | test auc: 0.9152  test acc: 0.8422  test f1: 0.8465
topk eval [32.5 s] | precision: 0.1000 0.1000 0.0920 0.0904 0.0852 0.0733 0.0609 | recall: 0.0101 0.0161 0.0337 0.0666 0.1192 0.2457 0.3967 | ndcg: 0.1000 0.1000 0.0973 0.1035 0.1174 0.1620 0.2153
epoch 21 [105.4 s + 41.0 s] | train auc: 0.9559  acc: 0.8879  f1: 0.8912 | eval auc: 0.9151  eval acc: 0.8421  eval f1: 0.8474 | test auc: 0.9141  test acc: 0.8414  test f1: 0.8470
topk eval [31.9 s] | precision: 0.1120 0.0780 0.0848 0.0908 0.0864 0.0717 0.0620 | recall: 0.0079 0.0111 0.0287 0.0584 0.1182 0.2432 0.3926 | ndcg: 0.1120 0.0857 0.0879 0.0976 0.1137 0.1554 0.2106
epoch 22 [106.1 s + 40.9 s] | train auc: 0.9562  acc: 0.8879  f1: 0.8906 | eval auc: 0.9152  eval acc: 0.8422  eval f1: 0.8464 | test auc: 0.9143  test acc: 0.8418  test f1: 0.8463
topk eval [32.4 s] | precision: 0.1120 0.0940 0.0808 0.0840 0.0872 0.0726 0.0598 | recall: 0.0112 0.0146 0.0286 0.0610 0.1240 0.2457 0.3901 | ndcg: 0.1120 0.0981 0.0882 0.0962 0.1174 0.1593 0.2111
epoch 23 [107.0 s + 41.4 s] | train auc: 0.9569  acc: 0.8890  f1: 0.8916 | eval auc: 0.9148  eval acc: 0.8416  eval f1: 0.8458 | test auc: 0.9141  test acc: 0.8419  test f1: 0.8463
topk eval [32.4 s] | precision: 0.0960 0.0920 0.0864 0.0880 0.0836 0.0730 0.0611 | recall: 0.0117 0.0184 0.0328 0.0692 0.1202 0.2453 0.3823 | ndcg: 0.0960 0.0929 0.0917 0.1013 0.1168 0.1626 0.2140
epoch 24 [106.8 s + 41.4 s] | train auc: 0.9573  acc: 0.8895  f1: 0.8920 | eval auc: 0.9139  eval acc: 0.8414  eval f1: 0.8453 | test auc: 0.9135  test acc: 0.8411  test f1: 0.8453
topk eval [32.4 s] | precision: 0.1080 0.0940 0.0864 0.0824 0.0820 0.0715 0.0605 | recall: 0.0082 0.0147 0.0316 0.0590 0.1130 0.2319 0.3712 | ndcg: 0.1080 0.0972 0.0905 0.0941 0.1104 0.1527 0.2042
epoch 25 [106.5 s + 41.4 s] | train auc: 0.9584  acc: 0.8916  f1: 0.8942 | eval auc: 0.9125  eval acc: 0.8402  eval f1: 0.8446 | test auc: 0.9115  test acc: 0.8406  test f1: 0.8451
topk eval [32.4 s] | precision: 0.0600 0.0700 0.0712 0.0808 0.0790 0.0680 0.0572 | recall: 0.0036 0.0119 0.0253 0.0564 0.1067 0.2240 0.3450 | ndcg: 0.0600 0.0677 0.0706 0.0841 0.0996 0.1414 0.1874
Early Stopping triggered. Best epoch: epoch 15.