epoch 0 [55.2 s + 9.9 s] | train auc: 0.8802  acc: 0.7941  f1: 0.7967 | eval auc: 0.8718  eval acc: 0.7888  eval f1: 0.7916 | test auc: 0.8705  test acc: 0.7871  test f1: 0.7899
topk eval [6.3 s] | precision: 0.1240 0.1220 0.1024 0.0988 0.0824 0.0638 0.0500 | recall: 0.0084 0.0173 0.0397 0.0766 0.1175 0.2183 0.3328 | ndcg: 0.1240 0.1225 0.1097 0.1139 0.1200 0.1545 0.1943
epoch 1 [57.3 s + 9.6 s] | train auc: 0.8849  acc: 0.7961  f1: 0.7957 | eval auc: 0.8736  eval acc: 0.7877  eval f1: 0.7872 | test auc: 0.8721  test acc: 0.7857  test f1: 0.7856
topk eval [6.0 s] | precision: 0.1160 0.1160 0.1016 0.1032 0.0890 0.0686 0.0508 | recall: 0.0079 0.0190 0.0350 0.0714 0.1259 0.2346 0.3359 | ndcg: 0.1160 0.1160 0.1067 0.1138 0.1247 0.1612 0.1956
epoch 2 [57.6 s + 9.6 s] | train auc: 0.8900  acc: 0.8035  f1: 0.8090 | eval auc: 0.8735  eval acc: 0.7894  eval f1: 0.7954 | test auc: 0.8718  test acc: 0.7875  test f1: 0.7936
topk eval [6.1 s] | precision: 0.1240 0.1280 0.1096 0.0984 0.0856 0.0653 0.0495 | recall: 0.0112 0.0204 0.0377 0.0694 0.1176 0.2220 0.3282 | ndcg: 0.1240 0.1271 0.1154 0.1142 0.1228 0.1573 0.1936
epoch 3 [56.9 s + 9.5 s] | train auc: 0.8971  acc: 0.8106  f1: 0.8181 | eval auc: 0.8756  eval acc: 0.7925  eval f1: 0.8007 | test auc: 0.8742  test acc: 0.7916  test f1: 0.8000
topk eval [6.0 s] | precision: 0.1560 0.1220 0.1088 0.0932 0.0852 0.0651 0.0503 | recall: 0.0120 0.0189 0.0409 0.0680 0.1172 0.2262 0.3331 | ndcg: 0.1560 0.1297 0.1193 0.1134 0.1242 0.1595 0.1964
epoch 4 [56.9 s + 9.5 s] | train auc: 0.9027  acc: 0.8141  f1: 0.8254 | eval auc: 0.8758  eval acc: 0.7905  eval f1: 0.8035 | test auc: 0.8741  test acc: 0.7898  test f1: 0.8028
topk eval [6.1 s] | precision: 0.1360 0.1300 0.1224 0.0956 0.0888 0.0663 0.0509 | recall: 0.0115 0.0204 0.0462 0.0700 0.1215 0.2230 0.3248 | ndcg: 0.1360 0.1314 0.1278 0.1155 0.1275 0.1605 0.1967
epoch 5 [56.9 s + 9.6 s] | train auc: 0.9078  acc: 0.8233  f1: 0.8290 | eval auc: 0.8771  eval acc: 0.7941  eval f1: 0.8009 | test auc: 0.8755  test acc: 0.7929  test f1: 0.7998
topk eval [6.0 s] | precision: 0.1440 0.1320 0.1080 0.0964 0.0836 0.0645 0.0507 | recall: 0.0114 0.0188 0.0357 0.0674 0.1121 0.2122 0.3241 | ndcg: 0.1440 0.1347 0.1176 0.1145 0.1209 0.1532 0.1924
epoch 6 [57.3 s + 9.7 s] | train auc: 0.9120  acc: 0.8254  f1: 0.8247 | eval auc: 0.8729  eval acc: 0.7866  eval f1: 0.7855 | test auc: 0.8714  test acc: 0.7861  test f1: 0.7851
topk eval [6.1 s] | precision: 0.1240 0.1240 0.1216 0.1000 0.0856 0.0638 0.0499 | recall: 0.0078 0.0191 0.0501 0.0747 0.1213 0.2152 0.3078 | ndcg: 0.1240 0.1240 0.1251 0.1168 0.1240 0.1541 0.1885
epoch 7 [57.1 s + 9.5 s] | train auc: 0.9168  acc: 0.8333  f1: 0.8379 | eval auc: 0.8754  eval acc: 0.7917  eval f1: 0.7974 | test auc: 0.8740  test acc: 0.7909  test f1: 0.7969
topk eval [6.0 s] | precision: 0.1480 0.1400 0.1248 0.1016 0.0840 0.0675 0.0509 | recall: 0.0110 0.0207 0.0445 0.0745 0.1179 0.2240 0.3211 | ndcg: 0.1480 0.1418 0.1316 0.1215 0.1257 0.1612 0.1954
epoch 8 [56.9 s + 9.5 s] | train auc: 0.9204  acc: 0.8369  f1: 0.8427 | eval auc: 0.8754  eval acc: 0.7916  eval f1: 0.7994 | test auc: 0.8743  test acc: 0.7917  test f1: 0.7994
topk eval [5.9 s] | precision: 0.1520 0.1320 0.1184 0.1052 0.0878 0.0656 0.0500 | recall: 0.0109 0.0179 0.0414 0.0748 0.1205 0.2172 0.3182 | ndcg: 0.1520 0.1365 0.1266 0.1226 0.1271 0.1574 0.1921
epoch 9 [57.1 s + 9.5 s] | train auc: 0.9255  acc: 0.8417  f1: 0.8453 | eval auc: 0.8752  eval acc: 0.7924  eval f1: 0.7974 | test auc: 0.8741  test acc: 0.7919  test f1: 0.7969
topk eval [6.1 s] | precision: 0.1280 0.1280 0.1200 0.1036 0.0856 0.0653 0.0507 | recall: 0.0091 0.0203 0.0472 0.0754 0.1181 0.2121 0.3138 | ndcg: 0.1280 0.1280 0.1254 0.1203 0.1242 0.1552 0.1918
epoch 10 [58.0 s + 9.8 s] | train auc: 0.9273  acc: 0.8434  f1: 0.8468 | eval auc: 0.8746  eval acc: 0.7918  eval f1: 0.7966 | test auc: 0.8732  test acc: 0.7919  test f1: 0.7969
topk eval [6.3 s] | precision: 0.1120 0.1060 0.1096 0.0980 0.0832 0.0670 0.0511 | recall: 0.0081 0.0151 0.0387 0.0683 0.1136 0.2197 0.3189 | ndcg: 0.1120 0.1074 0.1106 0.1099 0.1160 0.1526 0.1879
epoch 11 [58.9 s + 9.5 s] | train auc: 0.9289  acc: 0.8465  f1: 0.8507 | eval auc: 0.8740  eval acc: 0.7917  eval f1: 0.7975 | test auc: 0.8721  test acc: 0.7906  test f1: 0.7966
topk eval [6.2 s] | precision: 0.1080 0.1140 0.0952 0.0920 0.0798 0.0637 0.0503 | recall: 0.0073 0.0144 0.0311 0.0609 0.0998 0.1985 0.3094 | ndcg: 0.1080 0.1126 0.1018 0.1041 0.1087 0.1411 0.1801
epoch 12 [58.2 s + 9.5 s] | train auc: 0.9303  acc: 0.8475  f1: 0.8520 | eval auc: 0.8755  eval acc: 0.7935  eval f1: 0.8001 | test auc: 0.8740  test acc: 0.7922  test f1: 0.7989
topk eval [6.0 s] | precision: 0.1200 0.1160 0.1056 0.0940 0.0816 0.0623 0.0513 | recall: 0.0103 0.0178 0.0428 0.0726 0.1218 0.2076 0.3240 | ndcg: 0.1200 0.1169 0.1128 0.1115 0.1196 0.1488 0.1913
epoch 13 [58.0 s + 9.6 s] | train auc: 0.9310  acc: 0.8483  f1: 0.8494 | eval auc: 0.8725  eval acc: 0.7899  eval f1: 0.7916 | test auc: 0.8710  test acc: 0.7889  test f1: 0.7904
topk eval [6.2 s] | precision: 0.1000 0.1020 0.1000 0.0928 0.0794 0.0630 0.0500 | recall: 0.0058 0.0180 0.0358 0.0644 0.1083 0.2070 0.3183 | ndcg: 0.1000 0.1025 0.1033 0.1047 0.1103 0.1425 0.1821
epoch 14 [57.8 s + 9.6 s] | train auc: 0.9318  acc: 0.8495  f1: 0.8505 | eval auc: 0.8710  eval acc: 0.7890  eval f1: 0.7907 | test auc: 0.8698  test acc: 0.7880  test f1: 0.7898
topk eval [6.1 s] | precision: 0.1000 0.1000 0.0968 0.0816 0.0736 0.0602 0.0490 | recall: 0.0074 0.0152 0.0339 0.0564 0.1002 0.1967 0.3030 | ndcg: 0.1000 0.1000 0.0996 0.0944 0.1024 0.1355 0.1747
epoch 15 [57.8 s + 9.6 s] | train auc: 0.9337  acc: 0.8513  f1: 0.8556 | eval auc: 0.8727  eval acc: 0.7914  eval f1: 0.7977 | test auc: 0.8710  test acc: 0.7900  test f1: 0.7964
topk eval [6.1 s] | precision: 0.1080 0.1100 0.0984 0.0872 0.0750 0.0612 0.0495 | recall: 0.0087 0.0178 0.0351 0.0618 0.1025 0.1985 0.3096 | ndcg: 0.1080 0.1095 0.1032 0.1015 0.1072 0.1400 0.1800
Early Stopping triggered. Best epoch: 5.