epoch 0 [71.2 s + 34.0 s] | train auc: 0.8828  acc: 0.7975  f1: 0.8039 | eval auc: 0.8767  eval acc: 0.7950  eval f1: 0.8015 | test auc: 0.8756  test acc: 0.7936  test f1: 0.8001
topk eval [26.0 s] | precision: 0.1280 0.1100 0.1152 0.1000 0.0878 0.0668 0.0513 | recall: 0.0099 0.0163 0.0464 0.0716 0.1189 0.2379 0.3503 | ndcg: 0.1280 0.1141 0.1199 0.1169 0.1248 0.1599 0.1987
epoch 1 [71.4 s + 33.8 s] | train auc: 0.8846  acc: 0.7987  f1: 0.8038 | eval auc: 0.8774  eval acc: 0.7953  eval f1: 0.8004 | test auc: 0.8763  test acc: 0.7940  test f1: 0.7992
topk eval [25.6 s] | precision: 0.1240 0.1280 0.1264 0.1100 0.0918 0.0682 0.0508 | recall: 0.0100 0.0187 0.0463 0.0776 0.1332 0.2428 0.3450 | ndcg: 0.1240 0.1271 0.1284 0.1257 0.1340 0.1663 0.2012
epoch 2 [71.4 s + 34.1 s] | train auc: 0.8907  acc: 0.8062  f1: 0.8121 | eval auc: 0.8809  eval acc: 0.7995  eval f1: 0.8057 | test auc: 0.8800  test acc: 0.7988  test f1: 0.8051
topk eval [25.6 s] | precision: 0.1440 0.1400 0.1096 0.1012 0.0874 0.0682 0.0518 | recall: 0.0129 0.0211 0.0402 0.0712 0.1212 0.2410 0.3448 | ndcg: 0.1440 0.1409 0.1210 0.1209 0.1279 0.1645 0.2006
epoch 3 [71.6 s + 33.9 s] | train auc: 0.9078  acc: 0.8266  f1: 0.8317 | eval auc: 0.8953  eval acc: 0.8160  eval f1: 0.8214 | test auc: 0.8945  test acc: 0.8158  test f1: 0.8213
topk eval [25.8 s] | precision: 0.1320 0.1200 0.1064 0.1060 0.0916 0.0704 0.0556 | recall: 0.0090 0.0170 0.0387 0.0758 0.1299 0.2480 0.3769 | ndcg: 0.1320 0.1227 0.1131 0.1203 0.1289 0.1655 0.2101
epoch 4 [71.5 s + 34.0 s] | train auc: 0.9165  acc: 0.8357  f1: 0.8399 | eval auc: 0.9013  eval acc: 0.8227  eval f1: 0.8272 | test auc: 0.9005  test acc: 0.8228  test f1: 0.8274
topk eval [25.6 s] | precision: 0.1480 0.1540 0.1336 0.1084 0.0964 0.0725 0.0572 | recall: 0.0141 0.0260 0.0471 0.0778 0.1389 0.2494 0.3783 | ndcg: 0.1480 0.1526 0.1399 0.1315 0.1438 0.1779 0.2234
epoch 5 [71.4 s + 34.2 s] | train auc: 0.9189  acc: 0.8384  f1: 0.8422 | eval auc: 0.9031  eval acc: 0.8237  eval f1: 0.8279 | test auc: 0.9019  test acc: 0.8234  test f1: 0.8276
topk eval [25.7 s] | precision: 0.1640 0.1580 0.1384 0.1164 0.0948 0.0741 0.0593 | recall: 0.0149 0.0257 0.0485 0.0840 0.1424 0.2538 0.3899 | ndcg: 0.1640 0.1594 0.1477 0.1410 0.1465 0.1818 0.2298
epoch 6 [71.4 s + 33.9 s] | train auc: 0.9205  acc: 0.8410  f1: 0.8455 | eval auc: 0.9033  eval acc: 0.8252  eval f1: 0.8302 | test auc: 0.9027  test acc: 0.8253  test f1: 0.8304
topk eval [25.9 s] | precision: 0.1160 0.1220 0.1160 0.1112 0.0952 0.0742 0.0577 | recall: 0.0074 0.0196 0.0404 0.0822 0.1342 0.2614 0.3805 | ndcg: 0.1160 0.1206 0.1199 0.1263 0.1346 0.1732 0.2161
epoch 7 [71.3 s + 34.1 s] | train auc: 0.9220  acc: 0.8424  f1: 0.8471 | eval auc: 0.9042  eval acc: 0.8258  eval f1: 0.8309 | test auc: 0.9035  test acc: 0.8253  test f1: 0.8305
topk eval [25.6 s] | precision: 0.1440 0.1400 0.1208 0.1128 0.0966 0.0750 0.0590 | recall: 0.0115 0.0196 0.0446 0.0827 0.1365 0.2538 0.3905 | ndcg: 0.1440 0.1409 0.1289 0.1317 0.1403 0.1774 0.2242
epoch 8 [71.5 s + 33.9 s] | train auc: 0.9238  acc: 0.8446  f1: 0.8494 | eval auc: 0.9052  eval acc: 0.8274  eval f1: 0.8328 | test auc: 0.9046  test acc: 0.8265  test f1: 0.8320
topk eval [25.8 s] | precision: 0.1520 0.1520 0.1272 0.1100 0.0956 0.0750 0.0586 | recall: 0.0119 0.0209 0.0476 0.0790 0.1379 0.2597 0.3839 | ndcg: 0.1520 0.1520 0.1371 0.1316 0.1415 0.1799 0.2238
epoch 9 [71.5 s + 33.7 s] | train auc: 0.9280  acc: 0.8496  f1: 0.8537 | eval auc: 0.9082  eval acc: 0.8305  eval f1: 0.8352 | test auc: 0.9076  test acc: 0.8301  test f1: 0.8348
topk eval [25.8 s] | precision: 0.1600 0.1460 0.1288 0.1104 0.0976 0.0777 0.0610 | recall: 0.0120 0.0217 0.0491 0.0805 0.1386 0.2643 0.3938 | ndcg: 0.1600 0.1492 0.1380 0.1321 0.1430 0.1842 0.2303
epoch 10 [71.6 s + 33.9 s] | train auc: 0.9308  acc: 0.8532  f1: 0.8567 | eval auc: 0.9098  eval acc: 0.8321  eval f1: 0.8363 | test auc: 0.9090  test acc: 0.8318  test f1: 0.8360
topk eval [25.6 s] | precision: 0.1880 0.1660 0.1304 0.1148 0.0992 0.0762 0.0610 | recall: 0.0150 0.0256 0.0450 0.0826 0.1423 0.2693 0.3971 | ndcg: 0.1880 0.1710 0.1439 0.1393 0.1487 0.1892 0.2361
epoch 11 [71.5 s + 33.8 s] | train auc: 0.9332  acc: 0.8561  f1: 0.8598 | eval auc: 0.9108  eval acc: 0.8338  eval f1: 0.8383 | test auc: 0.9097  test acc: 0.8333  test f1: 0.8379
topk eval [25.9 s] | precision: 0.1520 0.1440 0.1248 0.1156 0.1034 0.0786 0.0607 | recall: 0.0109 0.0187 0.0446 0.0847 0.1561 0.2766 0.4016 | ndcg: 0.1520 0.1458 0.1329 0.1345 0.1491 0.1869 0.2315
epoch 12 [71.4 s + 33.9 s] | train auc: 0.9342  acc: 0.8576  f1: 0.8615 | eval auc: 0.9119  eval acc: 0.8345  eval f1: 0.8392 | test auc: 0.9106  test acc: 0.8342  test f1: 0.8391
topk eval [25.7 s] | precision: 0.1840 0.1660 0.1384 0.1236 0.1030 0.0789 0.0614 | recall: 0.0173 0.0287 0.0526 0.0886 0.1468 0.2770 0.4078 | ndcg: 0.1840 0.1701 0.1495 0.1477 0.1565 0.1983 0.2443
epoch 13 [71.3 s + 33.8 s] | train auc: 0.9352  acc: 0.8587  f1: 0.8626 | eval auc: 0.9118  eval acc: 0.8347  eval f1: 0.8396 | test auc: 0.9108  test acc: 0.8349  test f1: 0.8399
topk eval [25.7 s] | precision: 0.1560 0.1380 0.1312 0.1188 0.1036 0.0796 0.0624 | recall: 0.0123 0.0203 0.0477 0.0893 0.1566 0.2742 0.4048 | ndcg: 0.1560 0.1421 0.1374 0.1380 0.1517 0.1903 0.2370
epoch 14 [71.3 s + 33.7 s] | train auc: 0.9358  acc: 0.8596  f1: 0.8634 | eval auc: 0.9120  eval acc: 0.8353  eval f1: 0.8399 | test auc: 0.9109  test acc: 0.8352  test f1: 0.8401
topk eval [25.6 s] | precision: 0.1280 0.1300 0.1312 0.1196 0.0988 0.0793 0.0626 | recall: 0.0114 0.0203 0.0483 0.0872 0.1469 0.2694 0.4066 | ndcg: 0.1280 0.1295 0.1323 0.1353 0.1445 0.1859 0.2341
epoch 15 [71.4 s + 33.9 s] | train auc: 0.9366  acc: 0.8610  f1: 0.8646 | eval auc: 0.9122  eval acc: 0.8356  eval f1: 0.8400 | test auc: 0.9111  test acc: 0.8358  test f1: 0.8406
topk eval [25.6 s] | precision: 0.1200 0.1300 0.1240 0.1108 0.0982 0.0772 0.0608 | recall: 0.0107 0.0219 0.0473 0.0779 0.1435 0.2718 0.3938 | ndcg: 0.1200 0.1277 0.1265 0.1263 0.1408 0.1838 0.2282
epoch 16 [71.3 s + 33.7 s] | train auc: 0.9370  acc: 0.8613  f1: 0.8649 | eval auc: 0.9118  eval acc: 0.8361  eval f1: 0.8407 | test auc: 0.9109  test acc: 0.8353  test f1: 0.8401
topk eval [25.9 s] | precision: 0.1400 0.1280 0.1208 0.1180 0.1046 0.0793 0.0615 | recall: 0.0100 0.0173 0.0474 0.0890 0.1569 0.2790 0.4045 | ndcg: 0.1400 0.1307 0.1263 0.1338 0.1486 0.1886 0.2342
epoch 17 [71.2 s + 33.8 s] | train auc: 0.9379  acc: 0.8620  f1: 0.8656 | eval auc: 0.9119  eval acc: 0.8361  eval f1: 0.8406 | test auc: 0.9109  test acc: 0.8352  test f1: 0.8400
topk eval [25.7 s] | precision: 0.1120 0.1400 0.1240 0.1184 0.1040 0.0784 0.0620 | recall: 0.0091 0.0191 0.0461 0.0912 0.1588 0.2698 0.4016 | ndcg: 0.1120 0.1337 0.1261 0.1331 0.1479 0.1852 0.2322
epoch 18 [71.4 s + 33.8 s] | train auc: 0.9382  acc: 0.8626  f1: 0.8660 | eval auc: 0.9120  eval acc: 0.8361  eval f1: 0.8402 | test auc: 0.9111  test acc: 0.8353  test f1: 0.8397
topk eval [25.6 s] | precision: 0.1360 0.1320 0.1272 0.1196 0.1030 0.0785 0.0618 | recall: 0.0101 0.0197 0.0413 0.0913 0.1542 0.2714 0.3997 | ndcg: 0.1360 0.1329 0.1297 0.1345 0.1467 0.1855 0.2322
epoch 19 [71.3 s + 33.6 s] | train auc: 0.9388  acc: 0.8631  f1: 0.8671 | eval auc: 0.9114  eval acc: 0.8362  eval f1: 0.8411 | test auc: 0.9098  test acc: 0.8346  test f1: 0.8399
topk eval [25.8 s] | precision: 0.1360 0.1280 0.1136 0.1088 0.0954 0.0750 0.0599 | recall: 0.0100 0.0172 0.0420 0.0824 0.1394 0.2543 0.3906 | ndcg: 0.1360 0.1298 0.1197 0.1253 0.1361 0.1746 0.2229
epoch 20 [71.4 s + 34.3 s] | train auc: 0.9395  acc: 0.8641  f1: 0.8676 | eval auc: 0.9119  eval acc: 0.8361  eval f1: 0.8405 | test auc: 0.9109  test acc: 0.8362  test f1: 0.8410
topk eval [25.9 s] | precision: 0.1240 0.1260 0.1200 0.1096 0.0976 0.0757 0.0597 | recall: 0.0109 0.0206 0.0445 0.0806 0.1461 0.2599 0.3839 | ndcg: 0.1240 0.1255 0.1246 0.1259 0.1404 0.1785 0.2231
epoch 21 [71.5 s + 33.6 s] | train auc: 0.9397  acc: 0.8639  f1: 0.8679 | eval auc: 0.9113  eval acc: 0.8360  eval f1: 0.8410 | test auc: 0.9100  test acc: 0.8356  test f1: 0.8409
topk eval [25.7 s] | precision: 0.1440 0.1260 0.1008 0.1012 0.0954 0.0757 0.0602 | recall: 0.0116 0.0187 0.0359 0.0748 0.1381 0.2604 0.3811 | ndcg: 0.1440 0.1301 0.1108 0.1172 0.1350 0.1758 0.2200
epoch 22 [71.3 s + 33.7 s] | train auc: 0.9401  acc: 0.8648  f1: 0.8682 | eval auc: 0.9108  eval acc: 0.8352  eval f1: 0.8396 | test auc: 0.9097  test acc: 0.8352  test f1: 0.8399
topk eval [25.7 s] | precision: 0.1160 0.1140 0.1168 0.1088 0.0968 0.0733 0.0598 | recall: 0.0093 0.0171 0.0451 0.0789 0.1454 0.2395 0.3825 | ndcg: 0.1160 0.1145 0.1182 0.1212 0.1377 0.1693 0.2195
epoch 23 [71.3 s + 33.9 s] | train auc: 0.9404  acc: 0.8650  f1: 0.8685 | eval auc: 0.9120  eval acc: 0.8364  eval f1: 0.8409 | test auc: 0.9109  test acc: 0.8363  test f1: 0.8410
topk eval [25.7 s] | precision: 0.1320 0.1220 0.1176 0.1036 0.0950 0.0753 0.0614 | recall: 0.0143 0.0218 0.0449 0.0788 0.1365 0.2520 0.3961 | ndcg: 0.1320 0.1243 0.1234 0.1221 0.1366 0.1765 0.2276
epoch 24 [71.7 s + 33.9 s] | train auc: 0.9411  acc: 0.8660  f1: 0.8696 | eval auc: 0.9111  eval acc: 0.8359  eval f1: 0.8405 | test auc: 0.9102  test acc: 0.8351  test f1: 0.8397
topk eval [25.8 s] | precision: 0.1320 0.1200 0.1136 0.1016 0.0904 0.0742 0.0597 | recall: 0.0113 0.0178 0.0428 0.0737 0.1291 0.2491 0.3798 | ndcg: 0.1320 0.1227 0.1177 0.1176 0.1294 0.1715 0.2185
epoch 25 [71.3 s + 33.7 s] | train auc: 0.9414  acc: 0.8663  f1: 0.8699 | eval auc: 0.9103  eval acc: 0.8355  eval f1: 0.8403 | test auc: 0.9095  test acc: 0.8353  test f1: 0.8404
topk eval [25.7 s] | precision: 0.1080 0.1100 0.1136 0.0980 0.0926 0.0735 0.0582 | recall: 0.0098 0.0187 0.0440 0.0723 0.1324 0.2498 0.3687 | ndcg: 0.1080 0.1095 0.1148 0.1132 0.1297 0.1708 0.2141
Early Stopping triggered. Best epoch: epoch 15.